{"C:\\Users\\PC\\Desktop\\btl mobile\\assignment-mobile\\screens\\HomeScreen.tsx": {"path":"C:\\Users\\PC\\Desktop\\btl mobile\\assignment-mobile\\screens\\HomeScreen.tsx","statementMap":{"0":{"start":{"line":6,"column":36},"end":{"line":6,"column":60}},"1":{"start":{"line":8,"column":2},"end":{"line":102,"column":4}},"2":{"start":{"line":31,"column":29},"end":{"line":31,"column":56}},"3":{"start":{"line":105,"column":15},"end":{"line":137,"column":2}}},"fnMap":{"0":{"name":"HomeScreen","decl":{"start":{"line":5,"column":24},"end":{"line":5,"column":34}},"loc":{"start":{"line":5,"column":37},"end":{"line":103,"column":1}},"line":5},"1":{"name":"(anonymous_1)","decl":{"start":{"line":31,"column":23},"end":{"line":31,"column":24}},"loc":{"start":{"line":31,"column":29},"end":{"line":31,"column":56}},"line":31}},"branchMap":{},"s":{"0":0,"1":0,"2":0,"3":0},"f":{"0":0,"1":0},"b":{}}
,"C:\\Users\\PC\\Desktop\\btl mobile\\assignment-mobile\\screens\\OnboardingScreen.tsx": {"path":"C:\\Users\\PC\\Desktop\\btl mobile\\assignment-mobile\\screens\\OnboardingScreen.tsx","statementMap":{"0":{"start":{"line":5,"column":28},"end":{"line":5,"column":40}},"1":{"start":{"line":6,"column":34},"end":{"line":6,"column":46}},"2":{"start":{"line":8,"column":2},"end":{"line":59,"column":4}},"3":{"start":{"line":47,"column":27},"end":{"line":47,"column":55}},"4":{"start":{"line":62,"column":15},"end":{"line":79,"column":2}}},"fnMap":{"0":{"name":"OnboardingScreen","decl":{"start":{"line":4,"column":24},"end":{"line":4,"column":40}},"loc":{"start":{"line":4,"column":62},"end":{"line":60,"column":1}},"line":4},"1":{"name":"(anonymous_1)","decl":{"start":{"line":47,"column":21},"end":{"line":47,"column":22}},"loc":{"start":{"line":47,"column":27},"end":{"line":47,"column":55}},"line":47}},"branchMap":{},"s":{"0":0,"1":0,"2":0,"3":0,"4":0},"f":{"0":0,"1":0},"b":{}}
}
