{"D:\\assignment-mobile\\screens\\HomeScreen.tsx": {"path":"D:\\assignment-mobile\\screens\\HomeScreen.tsx","statementMap":{"0":{"start":{"line":13,"column":15},"end":{"line":13,"column":17}},"1":{"start":{"line":14,"column":22},"end":{"line":14,"column":23}},"2":{"start":{"line":15,"column":17},"end":{"line":15,"column":41}},"3":{"start":{"line":16,"column":24},"end":{"line":16,"column":44}},"4":{"start":{"line":17,"column":17},"end":{"line":17,"column":48}},"5":{"start":{"line":18,"column":2},"end":{"line":56,"column":4}},"6":{"start":{"line":60,"column":36},"end":{"line":60,"column":60}},"7":{"start":{"line":62,"column":2},"end":{"line":180,"column":4}},"8":{"start":{"line":89,"column":29},"end":{"line":89,"column":56}},"9":{"start":{"line":183,"column":15},"end":{"line":333,"column":2}}},"fnMap":{"0":{"name":"CircularProgress","decl":{"start":{"line":12,"column":9},"end":{"line":12,"column":25}},"loc":{"start":{"line":12,"column":60},"end":{"line":57,"column":1}},"line":12},"1":{"name":"HomeScreen","decl":{"start":{"line":59,"column":24},"end":{"line":59,"column":34}},"loc":{"start":{"line":59,"column":37},"end":{"line":181,"column":1}},"line":59},"2":{"name":"(anonymous_2)","decl":{"start":{"line":89,"column":23},"end":{"line":89,"column":24}},"loc":{"start":{"line":89,"column":29},"end":{"line":89,"column":56}},"line":89}},"branchMap":{},"s":{"0":4,"1":4,"2":4,"3":4,"4":4,"5":4,"6":4,"7":4,"8":1,"9":1},"f":{"0":4,"1":4,"2":1},"b":{},"_coverageSchema":"1a1c01bbd47fc00a2c39e90264f33305004495a9","hash":"f7c4b3559fe7b91244993fd866f8cbcaa177ede5"}
,"D:\\assignment-mobile\\screens\\OnboardingScreen.tsx": {"path":"D:\\assignment-mobile\\screens\\OnboardingScreen.tsx","statementMap":{"0":{"start":{"line":5,"column":28},"end":{"line":5,"column":40}},"1":{"start":{"line":6,"column":34},"end":{"line":6,"column":46}},"2":{"start":{"line":8,"column":2},"end":{"line":59,"column":4}},"3":{"start":{"line":47,"column":27},"end":{"line":47,"column":55}},"4":{"start":{"line":62,"column":15},"end":{"line":79,"column":2}}},"fnMap":{"0":{"name":"OnboardingScreen","decl":{"start":{"line":4,"column":24},"end":{"line":4,"column":40}},"loc":{"start":{"line":4,"column":62},"end":{"line":60,"column":1}},"line":4},"1":{"name":"(anonymous_1)","decl":{"start":{"line":47,"column":21},"end":{"line":47,"column":22}},"loc":{"start":{"line":47,"column":27},"end":{"line":47,"column":55}},"line":47}},"branchMap":{},"s":{"0":5,"1":5,"2":5,"3":1,"4":1},"f":{"0":5,"1":1},"b":{},"_coverageSchema":"1a1c01bbd47fc00a2c39e90264f33305004495a9","hash":"cdbc92b086b01e673d744a8a9b17eac430ef8bd0"}
}
